<?xml version="1.0" encoding="UTF-8"?>
<testsuite name="com.makeup.MakeUpApplicationTests" tests="1" skipped="0" failures="0" errors="0" timestamp="2024-02-18T14:57:52" hostname="ijigwang-ui-MacBookPro.local" time="0.578">
  <properties/>
  <testcase name="contextLoads()" classname="com.makeup.MakeUpApplicationTests" time="0.578"/>
  <system-out><![CDATA[23:57:40.410 [Test worker] INFO org.springframework.test.context.support.AnnotationConfigContextLoaderUtils -- Could not detect default configuration classes for test class [com.makeup.MakeUpApplicationTests]: MakeUpApplicationTests does not declare any static, non-private, non-final, nested classes annotated with @Configuration.
23:57:40.487 [Test worker] INFO org.springframework.boot.test.context.SpringBootTestContextBootstrapper -- Found @SpringBootConfiguration com.makeup.MakeUpApplication for test class com.makeup.MakeUpApplicationTests

  .   ____          _            __ _ _
 /\\ / ___'_ __ _ _(_)_ __  __ _ \ \ \ \
( ( )\___ | '_ | '_| | '_ \/ _` | \ \ \ \
 \\/  ___)| |_)| | | | | || (_| |  ) ) ) )
  '  |____| .__|_| |_|_| |_\__, | / / / /
 =========|_|==============|___/=/_/_/_/
 :: Spring Boot ::                (v3.2.2)

2024-02-18T23:57:40.796+09:00  INFO 93318 --- [    Test worker] com.makeup.MakeUpApplicationTests        : Starting MakeUpApplicationTests using Java 17.0.10 with PID 93318 (started by ijigwang in /Users/ijigwang/Desktop/makeup-backend)
2024-02-18T23:57:40.798+09:00  INFO 93318 --- [    Test worker] com.makeup.MakeUpApplicationTests        : No active profile set, falling back to 1 default profile: "default"
2024-02-18T23:57:41.792+09:00  INFO 93318 --- [    Test worker] .s.d.r.c.RepositoryConfigurationDelegate : Bootstrapping Spring Data JPA repositories in DEFAULT mode.
2024-02-18T23:57:41.834+09:00  INFO 93318 --- [    Test worker] .s.d.r.c.RepositoryConfigurationDelegate : Finished Spring Data repository scanning in 37 ms. Found 3 JPA repository interfaces.
2024-02-18T23:57:42.321+09:00  INFO 93318 --- [    Test worker] com.zaxxer.hikari.HikariDataSource       : HikariPool-1 - Starting...
2024-02-18T23:57:46.468+09:00  INFO 93318 --- [    Test worker] com.zaxxer.hikari.pool.HikariPool        : HikariPool-1 - Added connection com.mysql.cj.jdbc.ConnectionImpl@1ff463bb
2024-02-18T23:57:46.471+09:00  INFO 93318 --- [    Test worker] com.zaxxer.hikari.HikariDataSource       : HikariPool-1 - Start completed.
2024-02-18T23:57:46.536+09:00  INFO 93318 --- [    Test worker] o.hibernate.jpa.internal.util.LogHelper  : HHH000204: Processing PersistenceUnitInfo [name: default]
2024-02-18T23:57:46.573+09:00  INFO 93318 --- [    Test worker] org.hibernate.Version                    : HHH000412: Hibernate ORM core version 6.4.1.Final
2024-02-18T23:57:46.614+09:00  INFO 93318 --- [    Test worker] o.h.c.internal.RegionFactoryInitiator    : HHH000026: Second-level cache disabled
2024-02-18T23:57:46.898+09:00  INFO 93318 --- [    Test worker] o.s.o.j.p.SpringPersistenceUnitInfo      : No LoadTimeWeaver setup: ignoring JPA class transformer
2024-02-18T23:57:48.652+09:00  INFO 93318 --- [    Test worker] o.h.e.t.j.p.i.JtaPlatformInitiator       : HHH000489: No JTA platform available (set 'hibernate.transaction.jta.platform' to enable JTA platform integration)
2024-02-18T23:57:48.655+09:00  INFO 93318 --- [    Test worker] j.LocalContainerEntityManagerFactoryBean : Initialized JPA EntityManagerFactory for persistence unit 'default'
2024-02-18T23:57:49.025+09:00  INFO 93318 --- [    Test worker] o.s.d.j.r.query.QueryEnhancerFactory     : Hibernate is in classpath; If applicable, HQL parser will be used.
2024-02-18T23:57:50.504+09:00  WARN 93318 --- [    Test worker] JpaBaseConfiguration$JpaWebConfiguration : spring.jpa.open-in-view is enabled by default. Therefore, database queries may be performed during view rendering. Explicitly configure spring.jpa.open-in-view to disable this warning
2024-02-18T23:57:51.538+09:00  WARN 93318 --- [    Test worker] .s.s.UserDetailsServiceAutoConfiguration : 

Using generated security password: 09dd6c5a-da03-4624-b21f-368b5bf81e6e

This generated password is for development use only. Your security configuration must be updated before running your application in production.

2024-02-18T23:57:51.666+09:00  INFO 93318 --- [    Test worker] o.s.b.a.e.web.EndpointLinksResolver      : Exposing 1 endpoint(s) beneath base path '/actuator'
2024-02-18T23:57:51.707+09:00  INFO 93318 --- [    Test worker] o.s.s.web.DefaultSecurityFilterChain     : Will secure any request with [org.springframework.security.web.session.DisableEncodeUrlFilter@46bb0567, org.springframework.security.web.context.request.async.WebAsyncManagerIntegrationFilter@1e3da033, org.springframework.security.web.context.SecurityContextHolderFilter@adf9ab9, org.springframework.security.web.header.HeaderWriterFilter@6e9065e2, org.springframework.web.filter.CorsFilter@1ea29e40, org.springframework.security.web.csrf.CsrfFilter@3d6fe206, org.springframework.security.web.authentication.logout.LogoutFilter@5b989e1d, org.springframework.security.web.authentication.UsernamePasswordAuthenticationFilter@290ee844, org.springframework.security.web.authentication.ui.DefaultLoginPageGeneratingFilter@74bcff71, org.springframework.security.web.authentication.ui.DefaultLogoutPageGeneratingFilter@422ecb83, org.springframework.security.web.authentication.www.BasicAuthenticationFilter@4a4a1973, org.springframework.security.web.savedrequest.RequestCacheAwareFilter@477aa172, org.springframework.security.web.servletapi.SecurityContextHolderAwareRequestFilter@5a0ec54c, org.springframework.security.web.authentication.AnonymousAuthenticationFilter@5c206e9c, org.springframework.security.web.access.ExceptionTranslationFilter@736b145b, org.springframework.security.web.access.intercept.AuthorizationFilter@1cca09bc]
2024-02-18T23:57:52.003+09:00  INFO 93318 --- [    Test worker] com.makeup.MakeUpApplicationTests        : Started MakeUpApplicationTests in 11.425 seconds (process running for 12.481)
]]></system-out>
  <system-err><![CDATA[]]></system-err>
</testsuite>
